2025-10-01 16:24:28 - pen-deck - INFO - logger.py:70 - ==================================================
2025-10-01 16:24:28 - pen-deck - INFO - logger.py:71 - Pen-Deck Logger Initialized - Level: INFO
2025-10-01 16:24:28 - pen-deck - INFO - logger.py:72 - ==================================================
2025-10-01 16:24:28 - pen-deck - INFO - main.py:27 - Initializing Pen-Deck components...
2025-10-01 16:24:28 - pen-deck - INFO - main.py:30 - Config manager initialized
2025-10-01 16:24:28 - pen-deck - INFO - main.py:33 - Display manager initialized
2025-10-01 16:24:28 - pen-deck - INFO - main.py:36 - Network manager initialized
2025-10-01 16:24:28 - pen-deck - INFO - main.py:43 - Menu system initialized
2025-10-01 16:24:28 - pen-deck - INFO - main.py:46 - Web UI initialized
2025-10-01 16:24:28 - pen-deck - INFO - main.py:87 - Starting Pen-Deck...
2025-10-01 16:24:28 - pen-deck - INFO - main.py:90 - Initializing display...
2025-10-01 16:24:28 - pen-deck - INFO - main.py:94 - Display enabled, showing splash screen...
2025-10-01 16:24:30 - pen-deck - INFO - main.py:103 - Starting WiFi auto-connect...
2025-10-01 16:24:30 - pen-deck - INFO - main.py:80 - Attempting WiFi auto-connect...
2025-10-01 16:24:42 - pen-deck - INFO - main.py:107 - Starting Web UI...
2025-10-01 16:24:42 - pen-deck - INFO - main.py:68 - Starting Web UI thread...
2025-10-01 16:24:42 - pen-deck - INFO - main.py:71 - Web UI started successfully
2025-10-01 16:24:44 - pen-deck - INFO - main.py:114 - Starting menu system...
2025-10-01 16:25:14 - pen-deck - INFO - main.py:56 - Received signal 2, shutting down...
2025-10-01 16:34:17 - pen-deck - INFO - logger.py:70 - ==================================================
2025-10-01 16:34:17 - pen-deck - INFO - logger.py:71 - Pen-Deck Logger Initialized - Level: INFO
2025-10-01 16:34:17 - pen-deck - INFO - logger.py:72 - ==================================================
2025-10-01 16:34:17 - pen-deck - INFO - main.py:27 - Initializing Pen-Deck components...
2025-10-01 16:34:17 - pen-deck - INFO - main.py:30 - Config manager initialized
2025-10-01 16:34:17 - pen-deck - INFO - main.py:33 - Display manager initialized
2025-10-01 16:34:17 - pen-deck - INFO - main.py:36 - Network manager initialized
2025-10-01 16:34:17 - pen-deck - INFO - main.py:43 - Menu system initialized
2025-10-01 16:34:17 - pen-deck - INFO - main.py:46 - Web UI initialized
2025-10-01 16:34:18 - pen-deck - INFO - main.py:87 - Starting Pen-Deck...
2025-10-01 16:34:18 - pen-deck - INFO - main.py:90 - Initializing display...
2025-10-01 16:34:19 - pen-deck - INFO - main.py:94 - Display enabled, showing splash screen...
2025-10-01 16:34:21 - pen-deck - INFO - main.py:103 - Starting WiFi auto-connect...
2025-10-01 16:34:21 - pen-deck - INFO - main.py:80 - Attempting WiFi auto-connect...
2025-10-01 16:34:32 - pen-deck - INFO - main.py:107 - Starting Web UI...
2025-10-01 16:34:32 - pen-deck - INFO - main.py:68 - Starting Web UI thread...
2025-10-01 16:34:32 - pen-deck - INFO - main.py:71 - Web UI started successfully
2025-10-01 16:34:34 - pen-deck - INFO - main.py:114 - Starting menu system...
2025-10-01 16:35:18 - pen-deck - INFO - main.py:56 - Received signal 2, shutting down...
2025-10-01 16:37:18 - pen-deck - INFO - logger.py:70 - ==================================================
2025-10-01 16:37:18 - pen-deck - INFO - logger.py:71 - Pen-Deck Logger Initialized - Level: INFO
2025-10-01 16:37:18 - pen-deck - INFO - logger.py:72 - ==================================================
2025-10-01 16:37:18 - pen-deck - INFO - main.py:27 - Initializing Pen-Deck components...
2025-10-01 16:37:18 - pen-deck - INFO - main.py:30 - Config manager initialized
2025-10-01 16:37:18 - pen-deck - INFO - main.py:33 - Display manager initialized
2025-10-01 16:37:18 - pen-deck - INFO - main.py:36 - Network manager initialized
2025-10-01 16:37:18 - pen-deck - INFO - main.py:43 - Menu system initialized
2025-10-01 16:37:18 - pen-deck - INFO - main.py:46 - Web UI initialized
2025-10-01 16:37:18 - pen-deck - INFO - main.py:87 - Starting Pen-Deck...
2025-10-01 16:37:18 - pen-deck - INFO - main.py:90 - Initializing display...
2025-10-01 16:37:18 - pen-deck - INFO - main.py:94 - Display enabled, showing splash screen...
2025-10-01 16:37:20 - pen-deck - INFO - main.py:103 - Starting WiFi auto-connect...
2025-10-01 16:37:20 - pen-deck - INFO - main.py:80 - Attempting WiFi auto-connect...
2025-10-01 16:37:30 - pen-deck - INFO - main.py:107 - Starting Web UI...
2025-10-01 16:37:30 - pen-deck - INFO - main.py:68 - Starting Web UI thread...
2025-10-01 16:37:30 - pen-deck - INFO - main.py:71 - Web UI started successfully
2025-10-01 16:37:32 - pen-deck - INFO - main.py:114 - Starting menu system...
2025-10-01 16:37:57 - pen-deck - INFO - main.py:56 - Received signal 2, shutting down...
2025-10-01 16:37:59 - pen-deck - INFO - main.py:56 - Received signal 2, shutting down...
2025-10-01 17:08:12 - pen-deck - INFO - logger.py:70 - ==================================================
2025-10-01 17:08:12 - pen-deck - INFO - logger.py:71 - Pen-Deck Logger Initialized - Level: INFO
2025-10-01 17:08:12 - pen-deck - INFO - logger.py:72 - ==================================================
2025-10-01 17:08:12 - pen-deck - INFO - main.py:27 - Initializing Pen-Deck components...
2025-10-01 17:08:12 - pen-deck - INFO - main.py:30 - Config manager initialized
2025-10-01 17:08:12 - pen-deck - INFO - main.py:33 - Display manager initialized
2025-10-01 17:08:12 - pen-deck - INFO - main.py:36 - Network manager initialized
2025-10-01 17:08:12 - pen-deck - INFO - main.py:43 - Menu system initialized
2025-10-01 17:08:12 - pen-deck - INFO - main.py:46 - Web UI initialized
2025-10-01 17:08:12 - pen-deck - INFO - main.py:87 - Starting Pen-Deck...
2025-10-01 17:08:12 - pen-deck - INFO - main.py:90 - Initializing display...
2025-10-01 17:08:13 - pen-deck - INFO - main.py:94 - Display enabled, showing splash screen...
2025-10-01 17:08:16 - pen-deck - INFO - main.py:103 - Starting WiFi auto-connect...
2025-10-01 17:08:16 - pen-deck - INFO - main.py:80 - Attempting WiFi auto-connect...
2025-10-01 17:08:23 - pen-deck - INFO - main.py:107 - Starting Web UI...
2025-10-01 17:08:23 - pen-deck - INFO - main.py:68 - Starting Web UI thread...
2025-10-01 17:08:23 - pen-deck - INFO - main.py:71 - Web UI started successfully
2025-10-01 17:08:25 - pen-deck - INFO - main.py:114 - Starting menu system...
2025-10-01 17:10:08 - pen-deck - INFO - main.py:56 - Received signal 2, shutting down...
2025-10-01 17:10:13 - pen-deck - INFO - main.py:56 - Received signal 2, shutting down...
2025-10-01 17:15:15 - pen-deck - INFO - main.py:56 - Received signal 15, shutting down...
